0 info it worked if it ends with ok
1 verbose cli [ 'D:\\nodeJs\\node.exe',
1 verbose cli   'D:\\nodeJs\\node_modules\\npm\\bin\\npm-cli.js',
1 verbose cli   'start' ]
2 info using npm@3.10.10
3 info using node@v6.11.4
4 verbose run-script [ 'prestart', 'start', 'poststart' ]
5 info lifecycle jl-chat@0.0.0~prestart: jl-chat@0.0.0
6 silly lifecycle jl-chat@0.0.0~prestart: no script for prestart, continuing
7 info lifecycle jl-chat@0.0.0~start: jl-chat@0.0.0
8 verbose lifecycle jl-chat@0.0.0~start: unsafe-perm in lifecycle true
9 verbose lifecycle jl-chat@0.0.0~start: PATH: D:\nodeJs\node_modules\npm\bin\node-gyp-bin;E:\web\rockolin-chat\node_modules\.bin;D:\python\;D:\python\Scripts;C:\Windows\system32;C:\Windows;C:\Windows\System32\Wbem;C:\Windows\System32\WindowsPowerShell\v1.0\;D:\redio\PuTTY\;D:\javatooll\1.8\bin;D:\redio\wamp\bin\mysql\mysql5.5.8\bin;D:\phpStudy\php\php-5.4.45;D:\nodeJs\;C:\ProgramData\ComposerSetup\bin;D:\mysql\bin;D:\redio\Git\cmd;D:\javatooll\1.8;\bin;C:\Users\rockolin\AppData\Roaming\npm;D:\redio\Microsoft VS Code\bin;D:\redio\Git;C:\Users\rockolin\AppData\Roaming\Composer\vendor\bin;D:\phpStudy\MySQL\bin;D:\redio\mongoDb\bin;
10 verbose lifecycle jl-chat@0.0.0~start: CWD: E:\web\rockolin-chat
11 silly lifecycle jl-chat@0.0.0~start: Args: [ '/d /s /c', 'node ./bin/www' ]
12 verbose stack Error: kill ENOSYS
12 verbose stack     at Object.exports._errnoException (util.js:1020:11)
12 verbose stack     at process.kill (internal/process.js:191:18)
12 verbose stack     at process.listener (D:\nodeJs\node_modules\npm\node_modules\npmlog\node_modules\gauge\node_modules\signal-exit\index.js:86:15)
12 verbose stack     at emitNone (events.js:91:20)
12 verbose stack     at process.emit (events.js:185:7)
12 verbose stack     at processEmit (D:\nodeJs\node_modules\npm\node_modules\npmlog\node_modules\gauge\node_modules\signal-exit\index.js:146:32)
12 verbose stack     at processEmit (D:\nodeJs\node_modules\npm\node_modules\npm-registry-client\node_modules\npmlog\node_modules\gauge\node_modules\signal-exit\index.js:146:32)
12 verbose stack     at Signal.wrap.onsignal (internal/process.js:217:44)
13 verbose cwd E:\web\rockolin-chat
14 error Windows_NT 10.0.10240
15 error argv "D:\\nodeJs\\node.exe" "D:\\nodeJs\\node_modules\\npm\\bin\\npm-cli.js" "start"
16 error node v6.11.4
17 error npm  v3.10.10
18 error code ENOSYS
19 error errno ENOSYS
20 error syscall kill
21 error kill ENOSYS
22 error If you need help, you may report this error at:
22 error     <https://github.com/npm/npm/issues>
23 verbose exit [ 1, true ]
